# JRE version: Java(TM) SE Runtime Environment (8.0_221-b11) (build 1.8.0_221-b11)
# Java VM: Java HotSpot(TM) 64-Bit Server VM (25.221-b11 mixed mode windows-amd64 compressed oops)
Heap:
 PSYoungGen      total 142848K, used 3831K [0x00000000d5980000, 0x00000000e2800000, 0x0000000100000000)
  eden space 129024K, 0% used [0x00000000d5980000,0x00000000d5980000,0x00000000dd780000)
  from space 13824K, 27% used [0x00000000dd780000,0x00000000ddb3dce8,0x00000000de500000)
  to   space 13824K, 0% used [0x00000000e1a80000,0x00000000e1a80000,0x00000000e2800000)
 ParOldGen       total 73728K, used 15302K [0x0000000080c00000, 0x0000000085400000, 0x00000000d5980000)
  object space 73728K, 20% used [0x0000000080c00000,0x0000000081af1a48,0x0000000085400000)
 Metaspace       used 24744K, capacity 25486K, committed 25728K, reserved 1071104K
  class space    used 2847K, capacity 3094K, committed 3200K, reserved 1048576K
GC Heap History (10 events):
Event: 1.952 GC heap before
{Heap before GC invocations=3 (full 0):
 PSYoungGen      total 38400K, used 38390K [0x00000000d5980000, 0x00000000da480000, 0x0000000100000000)
  eden space 33280K, 100% used [0x00000000d5980000,0x00000000d7a00000,0x00000000d7a00000)
  from space 5120K, 99% used [0x00000000d7f00000,0x00000000d83fda38,0x00000000d8400000)
  to   space 5120K, 0% used [0x00000000d7a00000,0x00000000d7a00000,0x00000000d7f00000)
 ParOldGen       total 87552K, used 2226K [0x0000000080c00000, 0x0000000086180000, 0x00000000d5980000)
  object space 87552K, 2% used [0x0000000080c00000,0x0000000080e2cbb0,0x0000000086180000)
 Metaspace       used 13028K, capacity 13354K, committed 13440K, reserved 1060864K
  class space    used 1590K, capacity 1655K, committed 1664K, reserved 1048576K
Event: 1.964 GC heap after
Heap after GC invocations=3 (full 0):
 PSYoungGen      total 38400K, used 5120K [0x00000000d5980000, 0x00000000da480000, 0x0000000100000000)
  eden space 33280K, 0% used [0x00000000d5980000,0x00000000d5980000,0x00000000d7a00000)
  from space 5120K, 100% used [0x00000000d7a00000,0x00000000d7f00000,0x00000000d7f00000)
  to   space 5120K, 0% used [0x00000000d9f80000,0x00000000d9f80000,0x00000000da480000)
 ParOldGen       total 87552K, used 3536K [0x0000000080c00000, 0x0000000086180000, 0x00000000d5980000)
  object space 87552K, 4% used [0x0000000080c00000,0x0000000080f742d0,0x0000000086180000)
 Metaspace       used 13028K, capacity 13354K, committed 13440K, reserved 1060864K
  class space    used 1590K, capacity 1655K, committed 1664K, reserved 1048576K
}
Event: 2.547 GC heap before
{Heap before GC invocations=4 (full 0):
 PSYoungGen      total 38400K, used 38400K [0x00000000d5980000, 0x00000000da480000, 0x0000000100000000)
  eden space 33280K, 100% used [0x00000000d5980000,0x00000000d7a00000,0x00000000d7a00000)
  from space 5120K, 100% used [0x00000000d7a00000,0x00000000d7f00000,0x00000000d7f00000)
  to   space 5120K, 0% used [0x00000000d9f80000,0x00000000d9f80000,0x00000000da480000)
 ParOldGen       total 87552K, used 3536K [0x0000000080c00000, 0x0000000086180000, 0x00000000d5980000)
  object space 87552K, 4% used [0x0000000080c00000,0x0000000080f742d0,0x0000000086180000)
 Metaspace       used 13285K, capacity 13610K, committed 13696K, reserved 1060864K
  class space    used 1593K, capacity 1655K, committed 1664K, reserved 1048576K
Event: 2.560 GC heap after
Heap after GC invocations=4 (full 0):
 PSYoungGen      total 71680K, used 5120K [0x00000000d5980000, 0x00000000da480000, 0x0000000100000000)
  eden space 66560K, 0% used [0x00000000d5980000,0x00000000d5980000,0x00000000d9a80000)
  from space 5120K, 100% used [0x00000000d9f80000,0x00000000da480000,0x00000000da480000)
  to   space 5120K, 0% used [0x00000000d9a80000,0x00000000d9a80000,0x00000000d9f80000)
 ParOldGen       total 87552K, used 5032K [0x0000000080c00000, 0x0000000086180000, 0x00000000d5980000)
  object space 87552K, 5% used [0x0000000080c00000,0x00000000810ea2d0,0x0000000086180000)
 Metaspace       used 13285K, capacity 13610K, committed 13696K, reserved 1060864K
  class space    used 1593K, capacity 1655K, committed 1664K, reserved 1048576K
}
Event: 4.411 GC heap before
{Heap before GC invocations=5 (full 0):
 PSYoungGen      total 71680K, used 71680K [0x00000000d5980000, 0x00000000da480000, 0x0000000100000000)
  eden space 66560K, 100% used [0x00000000d5980000,0x00000000d9a80000,0x00000000d9a80000)
  from space 5120K, 100% used [0x00000000d9f80000,0x00000000da480000,0x00000000da480000)
  to   space 5120K, 0% used [0x00000000d9a80000,0x00000000d9a80000,0x00000000d9f80000)
 ParOldGen       total 87552K, used 5032K [0x0000000080c00000, 0x0000000086180000, 0x00000000d5980000)
  object space 87552K, 5% used [0x0000000080c00000,0x00000000810ea2d0,0x0000000086180000)
 Metaspace       used 15692K, capacity 16228K, committed 16384K, reserved 1062912K
  class space    used 1859K, capacity 1976K, committed 2048K, reserved 1048576K
Event: 4.431 GC heap after
Heap after GC invocations=5 (full 0):
 PSYoungGen      total 71680K, used 5104K [0x00000000d5980000, 0x00000000dee80000, 0x0000000100000000)
  eden space 66560K, 0% used [0x00000000d5980000,0x00000000d5980000,0x00000000d9a80000)
  from space 5120K, 99% used [0x00000000d9a80000,0x00000000d9f7c030,0x00000000d9f80000)
  to   space 9728K, 0% used [0x00000000de500000,0x00000000de500000,0x00000000dee80000)
 ParOldGen       total 87552K, used 8891K [0x0000000080c00000, 0x0000000086180000, 0x00000000d5980000)
  object space 87552K, 10% used [0x0000000080c00000,0x00000000814aee48,0x0000000086180000)
 Metaspace       used 15692K, capacity 16228K, committed 16384K, reserved 1062912K
  class space    used 1859K, capacity 1976K, committed 2048K, reserved 1048576K
}
Event: 7.614 GC heap before
{Heap before GC invocations=6 (full 0):
 PSYoungGen      total 71680K, used 63165K [0x00000000d5980000, 0x00000000dee80000, 0x0000000100000000)
  eden space 66560K, 87% used [0x00000000d5980000,0x00000000d92334f8,0x00000000d9a80000)
  from space 5120K, 99% used [0x00000000d9a80000,0x00000000d9f7c030,0x00000000d9f80000)
  to   space 9728K, 0% used [0x00000000de500000,0x00000000de500000,0x00000000dee80000)
 ParOldGen       total 87552K, used 8891K [0x0000000080c00000, 0x0000000086180000, 0x00000000d5980000)
  object space 87552K, 10% used [0x0000000080c00000,0x00000000814aee48,0x0000000086180000)
 Metaspace       used 20597K, capacity 21116K, committed 21248K, reserved 1069056K
  class space    used 2352K, capacity 2491K, committed 2560K, reserved 1048576K
Event: 7.640 GC heap after
Heap after GC invocations=6 (full 0):
 PSYoungGen      total 138752K, used 9712K [0x00000000d5980000, 0x00000000df680000, 0x0000000100000000)
  eden space 129024K, 0% used [0x00000000d5980000,0x00000000d5980000,0x00000000dd780000)
  from space 9728K, 99% used [0x00000000de500000,0x00000000dee7c358,0x00000000dee80000)
  to   space 13824K, 0% used [0x00000000dd780000,0x00000000dd780000,0x00000000de500000)
 ParOldGen       total 87552K, used 13861K [0x0000000080c00000, 0x0000000086180000, 0x00000000d5980000)
  object space 87552K, 15% used [0x0000000080c00000,0x00000000819895e0,0x0000000086180000)
 Metaspace       used 20597K, capacity 21116K, committed 21248K, reserved 1069056K
  class space    used 2352K, capacity 2491K, committed 2560K, reserved 1048576K
}
Event: 7.640 GC heap before
{Heap before GC invocations=7 (full 1):
 PSYoungGen      total 138752K, used 9712K [0x00000000d5980000, 0x00000000df680000, 0x0000000100000000)
  eden space 129024K, 0% used [0x00000000d5980000,0x00000000d5980000,0x00000000dd780000)
  from space 9728K, 99% used [0x00000000de500000,0x00000000dee7c358,0x00000000dee80000)
  to   space 13824K, 0% used [0x00000000dd780000,0x00000000dd780000,0x00000000de500000)
 ParOldGen       total 87552K, used 13861K [0x0000000080c00000, 0x0000000086180000, 0x00000000d5980000)
  object space 87552K, 15% used [0x0000000080c00000,0x00000000819895e0,0x0000000086180000)
 Metaspace       used 20597K, capacity 21116K, committed 21248K, reserved 1069056K
  class space    used 2352K, capacity 2491K, committed 2560K, reserved 1048576K
Event: 7.773 GC heap after
Heap after GC invocations=7 (full 1):
 PSYoungGen      total 138752K, used 0K [0x00000000d5980000, 0x00000000df680000, 0x0000000100000000)
  eden space 129024K, 0% used [0x00000000d5980000,0x00000000d5980000,0x00000000dd780000)
  from space 9728K, 0% used [0x00000000de500000,0x00000000de500000,0x00000000dee80000)
  to   space 13824K, 0% used [0x00000000dd780000,0x00000000dd780000,0x00000000de500000)
 ParOldGen       total 73728K, used 15294K [0x0000000080c00000, 0x0000000085400000, 0x00000000d5980000)
  object space 73728K, 20% used [0x0000000080c00000,0x0000000081aefa48,0x0000000085400000)
 Metaspace       used 20597K, capacity 21116K, committed 21248K, reserved 1069056K
  class space    used 2352K, capacity 2491K, committed 2560K, reserved 1048576K
}

